<?xml version="1.0" encoding="UTF-8"?>
<testsuite xmlns:xsi="http://www.w3.org/2001/XMLSchema-instance" xsi:noNamespaceSchemaLocation="https://maven.apache.org/surefire/maven-surefire-plugin/xsd/surefire-test-report.xsd" name="com.gupaoedu.ssivp.server.AppTest" time="0.023" tests="1" errors="0" skipped="0" failures="0">
  <properties>
    <property name="sun.desktop" value="windows"/>
    <property name="awt.toolkit" value="sun.awt.windows.WToolkit"/>
    <property name="file.encoding.pkg" value="sun.io"/>
    <property name="java.specification.version" value="1.8"/>
    <property name="sun.cpu.isalist" value="amd64"/>
    <property name="sun.jnu.encoding" value="GBK"/>
    <property name="java.class.path" value="D:\workspace\netty\gp-server\gp-api\target\test-classes;D:\workspace\netty\gp-server\gp-api\target\classes;C:\Users\dpb\.m2\repository\junit\junit\4.11\junit-4.11.jar;C:\Users\dpb\.m2\repository\org\hamcrest\hamcrest-core\1.3\hamcrest-core-1.3.jar;"/>
    <property name="java.vm.vendor" value="Oracle Corporation"/>
    <property name="sun.arch.data.model" value="64"/>
    <property name="user.variant" value=""/>
    <property name="java.vendor.url" value="http://java.oracle.com/"/>
    <property name="user.timezone" value="Asia/Shanghai"/>
    <property name="java.vm.specification.version" value="1.8"/>
    <property name="os.name" value="Windows 10"/>
    <property name="user.country" value="CN"/>
    <property name="sun.java.launcher" value="SUN_STANDARD"/>
    <property name="sun.boot.library.path" value="D:\software\jdk1.8\jre\bin"/>
    <property name="sun.java.command" value="C:\Users\dpb\AppData\Local\Temp\surefire6448435641600697250\surefirebooter8913023598856732035.jar C:\Users\dpb\AppData\Local\Temp\surefire6448435641600697250 2021-09-03T22-22-17_796-jvmRun1 surefire2726709799353898107tmp surefire_0230644232518669250tmp"/>
    <property name="surefire.test.class.path" value="D:\workspace\netty\gp-server\gp-api\target\test-classes;D:\workspace\netty\gp-server\gp-api\target\classes;C:\Users\dpb\.m2\repository\junit\junit\4.11\junit-4.11.jar;C:\Users\dpb\.m2\repository\org\hamcrest\hamcrest-core\1.3\hamcrest-core-1.3.jar;"/>
    <property name="sun.cpu.endian" value="little"/>
    <property name="user.home" value="C:\Users\dpb"/>
    <property name="user.language" value="zh"/>
    <property name="java.specification.vendor" value="Oracle Corporation"/>
    <property name="java.home" value="D:\software\jdk1.8\jre"/>
    <property name="basedir" value="D:\workspace\netty\gp-server\gp-api"/>
    <property name="file.separator" value="\"/>
    <property name="line.separator" value="&#10;"/>
    <property name="java.vm.specification.vendor" value="Oracle Corporation"/>
    <property name="java.specification.name" value="Java Platform API Specification"/>
    <property name="java.awt.graphicsenv" value="sun.awt.Win32GraphicsEnvironment"/>
    <property name="surefire.real.class.path" value="C:\Users\dpb\AppData\Local\Temp\surefire6448435641600697250\surefirebooter8913023598856732035.jar"/>
    <property name="sun.boot.class.path" value="D:\software\jdk1.8\jre\lib\resources.jar;D:\software\jdk1.8\jre\lib\rt.jar;D:\software\jdk1.8\jre\lib\sunrsasign.jar;D:\software\jdk1.8\jre\lib\jsse.jar;D:\software\jdk1.8\jre\lib\jce.jar;D:\software\jdk1.8\jre\lib\charsets.jar;D:\software\jdk1.8\jre\lib\jfr.jar;D:\software\jdk1.8\jre\classes"/>
    <property name="user.script" value=""/>
    <property name="sun.management.compiler" value="HotSpot 64-Bit Tiered Compilers"/>
    <property name="java.runtime.version" value="1.8.0_152-b16"/>
    <property name="user.name" value="dpb"/>
    <property name="path.separator" value=";"/>
    <property name="os.version" value="10.0"/>
    <property name="java.endorsed.dirs" value="D:\software\jdk1.8\jre\lib\endorsed"/>
    <property name="java.runtime.name" value="Java(TM) SE Runtime Environment"/>
    <property name="file.encoding" value="GBK"/>
    <property name="java.vm.name" value="Java HotSpot(TM) 64-Bit Server VM"/>
    <property name="localRepository" value="C:\Users\dpb\.m2\repository"/>
    <property name="java.vendor.url.bug" value="http://bugreport.sun.com/bugreport/"/>
    <property name="java.io.tmpdir" value="C:\Users\dpb\AppData\Local\Temp\"/>
    <property name="java.version" value="1.8.0_152"/>
    <property name="user.dir" value="D:\workspace\netty\gp-server\gp-api"/>
    <property name="os.arch" value="amd64"/>
    <property name="java.vm.specification.name" value="Java Virtual Machine Specification"/>
    <property name="java.awt.printerjob" value="sun.awt.windows.WPrinterJob"/>
    <property name="sun.os.patch.level" value=""/>
    <property name="idea.version2019.1.1" value="true"/>
    <property name="java.library.path" value="D:\software\jdk1.8\jre\bin;C:\WINDOWS\Sun\Java\bin;C:\WINDOWS\system32;C:\WINDOWS;D:\software\VMware\bin\;C:\Windows\system32;C:\Windows;C:\Windows\System32\Wbem;C:\Windows\System32\WindowsPowerShell\v1.0\;C:\Windows\System32\OpenSSH\;C:\Program Files (x86)\NVIDIA Corporation\PhysX\Common;C:\Program Files\NVIDIA Corporation\NVIDIA NvDLISR;C:\WINDOWS\system32;C:\WINDOWS;C:\WINDOWS\System32\Wbem;C:\WINDOWS\System32\WindowsPowerShell\v1.0\;C:\WINDOWS\System32\OpenSSH\;D:\software\jdk1.8\bin;D:\software\jdk1.8\jre\bin;C:\Windows\System32\cmd.exe;D:\software\Git\cmd;D:\software\apache-maven-3.6.3\bin;D:\software\xftp\;D:\software\xshell\;D:\software\gradle-4.0.1\bin;C:\Program Files\Git\cmd;C:\Users\dpb\AppData\Local\Microsoft\WindowsApps;;D:\software\idea2020.03\IntelliJ IDEA 2020.2.3\bin;;D:\software\WebStorm 2020.3\bin;;."/>
    <property name="java.vm.info" value="mixed mode"/>
    <property name="java.vendor" value="Oracle Corporation"/>
    <property name="java.vm.version" value="25.152-b16"/>
    <property name="java.ext.dirs" value="D:\software\jdk1.8\jre\lib\ext;C:\WINDOWS\Sun\Java\lib\ext"/>
    <property name="sun.io.unicode.encoding" value="UnicodeLittle"/>
    <property name="java.class.version" value="52.0"/>
  </properties>
  <testcase name="shouldAnswerWithTrue" classname="com.gupaoedu.ssivp.server.AppTest" time="0.003"/>
</testsuite>